c:\users\stephane duarte\onedrive - universidade de lisboa\meic\1ano2semestre\p3d\assignment1\x64\release\vc141.pdb
c:\users\stephane duarte\onedrive - universidade de lisboa\meic\1ano2semestre\p3d\assignment1\x64\release\viewpoint.obj
c:\users\stephane duarte\onedrive - universidade de lisboa\meic\1ano2semestre\p3d\assignment1\x64\release\triangle.obj
c:\users\stephane duarte\onedrive - universidade de lisboa\meic\1ano2semestre\p3d\assignment1\x64\release\sphere.obj
c:\users\stephane duarte\onedrive - universidade de lisboa\meic\1ano2semestre\p3d\assignment1\x64\release\scene.obj
c:\users\stephane duarte\onedrive - universidade de lisboa\meic\1ano2semestre\p3d\assignment1\x64\release\ray.obj
c:\users\stephane duarte\onedrive - universidade de lisboa\meic\1ano2semestre\p3d\assignment1\x64\release\positionallight.obj
c:\users\stephane duarte\onedrive - universidade de lisboa\meic\1ano2semestre\p3d\assignment1\x64\release\plan.obj
c:\users\stephane duarte\onedrive - universidade de lisboa\meic\1ano2semestre\p3d\assignment1\x64\release\material.obj
c:\users\stephane duarte\onedrive - universidade de lisboa\meic\1ano2semestre\p3d\assignment1\x64\release\main - p3d.obj
c:\users\stephane duarte\onedrive - universidade de lisboa\meic\1ano2semestre\p3d\assignment1\x64\release\cylinder.obj
c:\users\stephane duarte\onedrive - universidade de lisboa\meic\1ano2semestre\p3d\assignment1\x64\release\color.obj
c:\users\stephane duarte\onedrive - universidade de lisboa\meic\1ano2semestre\p3d\assignment1\x64\release\boundingbox.obj
c:\users\stephane duarte\onedrive - universidade de lisboa\meic\1ano2semestre\p3d\assignment1\x64\release\p3dglm.exe
c:\users\stephane duarte\onedrive - universidade de lisboa\meic\1ano2semestre\p3d\assignment1\x64\release\p3dglm.ilk
c:\users\stephane duarte\onedrive - universidade de lisboa\meic\1ano2semestre\p3d\assignment1\x64\release\p3dglm.pdb
c:\users\stephane duarte\onedrive - universidade de lisboa\meic\1ano2semestre\p3d\assignment1\x64\release\p3dglm.tlog\cl.command.1.tlog
c:\users\stephane duarte\onedrive - universidade de lisboa\meic\1ano2semestre\p3d\assignment1\x64\release\p3dglm.tlog\cl.read.1.tlog
c:\users\stephane duarte\onedrive - universidade de lisboa\meic\1ano2semestre\p3d\assignment1\x64\release\p3dglm.tlog\cl.write.1.tlog
c:\users\stephane duarte\onedrive - universidade de lisboa\meic\1ano2semestre\p3d\assignment1\x64\release\p3dglm.tlog\link.command.1.tlog
c:\users\stephane duarte\onedrive - universidade de lisboa\meic\1ano2semestre\p3d\assignment1\x64\release\p3dglm.tlog\link.read.1.tlog
c:\users\stephane duarte\onedrive - universidade de lisboa\meic\1ano2semestre\p3d\assignment1\x64\release\p3dglm.tlog\link.write.1.tlog
